2016-10-03 17:33:01,299 [Dummy-1:7248] [django.db.backends:89] [utils:execute] [DEBUG]- (0.000) QUERY = "\n            SELECT name, type FROM sqlite_master\n            WHERE type in ('table', 'view') AND NOT name='sqlite_sequence'\n            ORDER BY name" - PARAMS = (); args=None
2016-10-03 17:33:01,302 [Dummy-1:7248] [django.db.backends:89] [utils:execute] [DEBUG]- (0.000) QUERY = u'SELECT "django_migrations"."app", "django_migrations"."name" FROM "django_migrations"' - PARAMS = (); args=()
2016-10-03 17:47:44,759 [Dummy-1:6772] [django.db.backends:89] [utils:execute] [DEBUG]- (0.000) QUERY = "\n            SELECT name, type FROM sqlite_master\n            WHERE type in ('table', 'view') AND NOT name='sqlite_sequence'\n            ORDER BY name" - PARAMS = (); args=None
2016-10-03 17:47:44,763 [Dummy-1:6772] [django.db.backends:89] [utils:execute] [DEBUG]- (0.000) QUERY = u'SELECT "django_migrations"."app", "django_migrations"."name" FROM "django_migrations"' - PARAMS = (); args=()
2016-10-03 17:48:55,812 [Dummy-1:3656] [django.db.backends:89] [utils:execute] [DEBUG]- (0.001) QUERY = "\n            SELECT name, type FROM sqlite_master\n            WHERE type in ('table', 'view') AND NOT name='sqlite_sequence'\n            ORDER BY name" - PARAMS = (); args=None
2016-10-03 17:48:55,815 [Dummy-1:3656] [django.db.backends:89] [utils:execute] [DEBUG]- (0.000) QUERY = u'SELECT "django_migrations"."app", "django_migrations"."name" FROM "django_migrations"' - PARAMS = (); args=()
2016-10-03 17:51:14,868 [Dummy-1:6976] [django.db.backends:89] [utils:execute] [DEBUG]- (0.000) QUERY = "\n            SELECT name, type FROM sqlite_master\n            WHERE type in ('table', 'view') AND NOT name='sqlite_sequence'\n            ORDER BY name" - PARAMS = (); args=None
2016-10-03 17:51:14,871 [Dummy-1:6976] [django.db.backends:89] [utils:execute] [DEBUG]- (0.000) QUERY = u'SELECT "django_migrations"."app", "django_migrations"."name" FROM "django_migrations"' - PARAMS = (); args=()
2016-10-03 17:51:20,687 [Thread-2:6916] [blog.views:21] [views:index] [ERROR]- [Errno 2] No such file or directory: 'sss.txt'
2016-10-03 17:58:38,530 [Dummy-1:6264] [django.db.backends:89] [utils:execute] [DEBUG]- (0.001) QUERY = "\n            SELECT name, type FROM sqlite_master\n            WHERE type in ('table', 'view') AND NOT name='sqlite_sequence'\n            ORDER BY name" - PARAMS = (); args=None
2016-10-03 17:58:38,535 [Dummy-1:6264] [django.db.backends:89] [utils:execute] [DEBUG]- (0.000) QUERY = u'SELECT "django_migrations"."app", "django_migrations"."name" FROM "django_migrations"' - PARAMS = (); args=()
2016-10-03 18:08:36,980 [Dummy-1:6408] [django.db.backends:89] [utils:execute] [DEBUG]- (0.001) QUERY = "\n            SELECT name, type FROM sqlite_master\n            WHERE type in ('table', 'view') AND NOT name='sqlite_sequence'\n            ORDER BY name" - PARAMS = (); args=None
2016-10-03 18:08:36,984 [Dummy-1:6408] [django.db.backends:89] [utils:execute] [DEBUG]- (0.000) QUERY = u'SELECT "django_migrations"."app", "django_migrations"."name" FROM "django_migrations"' - PARAMS = (); args=()
2016-10-03 18:10:29,457 [Dummy-1:5944] [django.db.backends:89] [utils:execute] [DEBUG]- (0.001) QUERY = "\n            SELECT name, type FROM sqlite_master\n            WHERE type in ('table', 'view') AND NOT name='sqlite_sequence'\n            ORDER BY name" - PARAMS = (); args=None
2016-10-03 18:10:29,460 [Dummy-1:5944] [django.db.backends:89] [utils:execute] [DEBUG]- (0.000) QUERY = u'SELECT "django_migrations"."app", "django_migrations"."name" FROM "django_migrations"' - PARAMS = (); args=()
2016-10-03 18:10:42,526 [Dummy-1:2808] [django.db.backends:89] [utils:execute] [DEBUG]- (0.001) QUERY = "\n            SELECT name, type FROM sqlite_master\n            WHERE type in ('table', 'view') AND NOT name='sqlite_sequence'\n            ORDER BY name" - PARAMS = (); args=None
2016-10-03 18:10:42,530 [Dummy-1:2808] [django.db.backends:89] [utils:execute] [DEBUG]- (0.000) QUERY = u'SELECT "django_migrations"."app", "django_migrations"."name" FROM "django_migrations"' - PARAMS = (); args=()
2016-10-03 18:13:40,957 [Dummy-1:5584] [django.db.backends:89] [utils:execute] [DEBUG]- (0.001) QUERY = "\n            SELECT name, type FROM sqlite_master\n            WHERE type in ('table', 'view') AND NOT name='sqlite_sequence'\n            ORDER BY name" - PARAMS = (); args=None
2016-10-03 18:13:40,960 [Dummy-1:5584] [django.db.backends:89] [utils:execute] [DEBUG]- (0.000) QUERY = u'SELECT "django_migrations"."app", "django_migrations"."name" FROM "django_migrations"' - PARAMS = (); args=()
2016-10-03 18:15:12,404 [Dummy-1:2140] [django.db.backends:89] [utils:execute] [DEBUG]- (0.001) QUERY = "\n            SELECT name, type FROM sqlite_master\n            WHERE type in ('table', 'view') AND NOT name='sqlite_sequence'\n            ORDER BY name" - PARAMS = (); args=None
2016-10-03 18:15:12,410 [Dummy-1:2140] [django.db.backends:89] [utils:execute] [DEBUG]- (0.000) QUERY = u'SELECT "django_migrations"."app", "django_migrations"."name" FROM "django_migrations"' - PARAMS = (); args=()
2016-10-03 18:19:17,533 [Dummy-1:1208] [django.db.backends:89] [utils:execute] [DEBUG]- (0.001) QUERY = "\n            SELECT name, type FROM sqlite_master\n            WHERE type in ('table', 'view') AND NOT name='sqlite_sequence'\n            ORDER BY name" - PARAMS = (); args=None
2016-10-03 18:19:17,536 [Dummy-1:1208] [django.db.backends:89] [utils:execute] [DEBUG]- (0.000) QUERY = u'SELECT "django_migrations"."app", "django_migrations"."name" FROM "django_migrations"' - PARAMS = (); args=()
2016-10-03 18:20:21,868 [Dummy-1:7944] [django.db.backends:89] [utils:execute] [DEBUG]- (0.001) QUERY = "\n            SELECT name, type FROM sqlite_master\n            WHERE type in ('table', 'view') AND NOT name='sqlite_sequence'\n            ORDER BY name" - PARAMS = (); args=None
2016-10-03 18:20:21,874 [Dummy-1:7944] [django.db.backends:89] [utils:execute] [DEBUG]- (0.000) QUERY = u'SELECT "django_migrations"."app", "django_migrations"."name" FROM "django_migrations"' - PARAMS = (); args=()
2016-10-03 18:22:47,654 [Dummy-1:7792] [django.db.backends:89] [utils:execute] [DEBUG]- (0.000) QUERY = "\n            SELECT name, type FROM sqlite_master\n            WHERE type in ('table', 'view') AND NOT name='sqlite_sequence'\n            ORDER BY name" - PARAMS = (); args=None
2016-10-03 18:22:47,657 [Dummy-1:7792] [django.db.backends:89] [utils:execute] [DEBUG]- (0.000) QUERY = u'SELECT "django_migrations"."app", "django_migrations"."name" FROM "django_migrations"' - PARAMS = (); args=()
2016-10-03 18:51:31,749 [Dummy-1:3136] [django.db.backends:89] [utils:execute] [DEBUG]- (0.001) QUERY = "\n            SELECT name, type FROM sqlite_master\n            WHERE type in ('table', 'view') AND NOT name='sqlite_sequence'\n            ORDER BY name" - PARAMS = (); args=None
2016-10-03 18:51:31,825 [Dummy-1:3136] [django.db.backends:89] [utils:execute] [DEBUG]- (0.000) QUERY = u'SELECT "django_migrations"."app", "django_migrations"."name" FROM "django_migrations"' - PARAMS = (); args=()
2016-10-03 22:32:54,026 [MainThread:5464] [django.db.backends:89] [utils:execute] [DEBUG]- (0.001) SET SQL_AUTO_IS_NULL = 0; args=None
2016-10-03 22:35:29,177 [MainThread:3880] [django.db.backends:89] [utils:execute] [DEBUG]- (0.000) SET SQL_AUTO_IS_NULL = 0; args=None
2016-10-03 22:35:29,316 [MainThread:3880] [django.db.backends:89] [utils:execute] [DEBUG]- (0.000) SET SQL_AUTO_IS_NULL = 0; args=None
2016-10-03 22:35:29,319 [MainThread:3880] [django.db.backends:89] [utils:execute] [DEBUG]- (0.001) SHOW FULL TABLES; args=None
2016-10-03 22:35:29,319 [MainThread:3880] [django.db.backends.schema:102] [schema:execute] [DEBUG]- CREATE TABLE `django_migrations` (`id` integer AUTO_INCREMENT NOT NULL PRIMARY KEY, `app` varchar(255) NOT NULL, `name` varchar(255) NOT NULL, `applied` datetime(6) NOT NULL); (params None)
2016-10-03 22:35:33,364 [MainThread:3880] [django.db.backends:89] [utils:execute] [DEBUG]- (4.045) CREATE TABLE `django_migrations` (`id` integer AUTO_INCREMENT NOT NULL PRIMARY KEY, `app` varchar(255) NOT NULL, `name` varchar(255) NOT NULL, `applied` datetime(6) NOT NULL); args=None
2016-10-03 22:35:33,707 [MainThread:3880] [django.db.backends:89] [utils:execute] [DEBUG]- (0.342) SELECT engine FROM information_schema.tables WHERE table_name = 'django_migrations'; args=[u'django_migrations']
2016-10-03 22:35:34,273 [MainThread:3880] [django.db.backends:89] [utils:execute] [DEBUG]- (0.472) SELECT `django_migrations`.`app`, `django_migrations`.`name` FROM `django_migrations`; args=()
2016-10-03 22:35:34,276 [MainThread:3880] [django.db.backends:89] [utils:execute] [DEBUG]- (0.001) SHOW FULL TABLES; args=None
2016-10-03 22:35:35,349 [MainThread:3880] [django.db.backends:89] [utils:execute] [DEBUG]- (0.001) SET foreign_key_checks=0; args=None
2016-10-03 22:35:35,352 [MainThread:3880] [django.db.backends:89] [utils:execute] [DEBUG]- (0.001) SET foreign_key_checks=1; args=None
2016-10-03 22:35:35,380 [MainThread:3880] [django.db.backends:89] [utils:execute] [DEBUG]- (0.000) SET SQL_AUTO_IS_NULL = 0; args=None
2016-10-03 22:35:35,381 [MainThread:3880] [django.db.backends:89] [utils:execute] [DEBUG]- (0.000) SET foreign_key_checks=0; args=None
2016-10-03 22:35:35,384 [MainThread:3880] [django.db.backends:89] [utils:execute] [DEBUG]- (0.000) SET foreign_key_checks=1; args=None
2016-10-03 22:35:35,568 [MainThread:3880] [django.db.backends.schema:102] [schema:execute] [DEBUG]- CREATE TABLE `django_content_type` (`id` integer AUTO_INCREMENT NOT NULL PRIMARY KEY, `name` varchar(100) NOT NULL, `app_label` varchar(100) NOT NULL, `model` varchar(100) NOT NULL); (params None)
2016-10-03 22:35:35,571 [MainThread:3880] [django.db.backends:89] [utils:execute] [DEBUG]- (0.000) SET SQL_AUTO_IS_NULL = 0; args=None
2016-10-03 22:35:36,601 [MainThread:3880] [django.db.backends:89] [utils:execute] [DEBUG]- (1.029) CREATE TABLE `django_content_type` (`id` integer AUTO_INCREMENT NOT NULL PRIMARY KEY, `name` varchar(100) NOT NULL, `app_label` varchar(100) NOT NULL, `model` varchar(100) NOT NULL); args=None
2016-10-03 22:35:36,665 [MainThread:3880] [django.db.backends:89] [utils:execute] [DEBUG]- (0.063) SELECT engine FROM information_schema.tables WHERE table_name = 'django_content_type'; args=[u'django_content_type']
2016-10-03 22:35:36,671 [MainThread:3880] [django.db.backends.schema:102] [schema:execute] [DEBUG]- ALTER TABLE `django_content_type` ADD CONSTRAINT `django_content_type_app_label_3ec8c61c_uniq` UNIQUE (`app_label`, `model`); (params [])
2016-10-03 22:35:37,786 [MainThread:3880] [django.db.backends:89] [utils:execute] [DEBUG]- (1.114) ALTER TABLE `django_content_type` ADD CONSTRAINT `django_content_type_app_label_3ec8c61c_uniq` UNIQUE (`app_label`, `model`); args=[]
2016-10-03 22:35:37,789 [MainThread:3880] [django.db.backends:89] [utils:execute] [DEBUG]- (0.002) SHOW FULL TABLES; args=None
2016-10-03 22:35:37,808 [MainThread:3880] [django.db.backends:89] [utils:execute] [DEBUG]- (0.017) INSERT INTO `django_migrations` (`app`, `name`, `applied`) VALUES ('contenttypes', '0001_initial', '2016-10-03 14:35:37.790000'); args=['contenttypes', u'0001_initial', u'2016-10-03 14:35:37.790000']
2016-10-03 22:35:37,890 [MainThread:3880] [django.db.backends.schema:102] [schema:execute] [DEBUG]- ALTER TABLE `django_content_type` MODIFY `name` varchar(100) NULL; (params [])
2016-10-03 22:35:38,990 [MainThread:3880] [django.db.backends:89] [utils:execute] [DEBUG]- (1.099) ALTER TABLE `django_content_type` MODIFY `name` varchar(100) NULL; args=[]
2016-10-03 22:35:38,997 [MainThread:3880] [django.db.backends.schema:102] [schema:execute] [DEBUG]- ALTER TABLE `django_content_type` DROP COLUMN `name` CASCADE; (params [])
2016-10-03 22:35:42,246 [MainThread:3880] [django.db.backends:89] [utils:execute] [DEBUG]- (3.247) ALTER TABLE `django_content_type` DROP COLUMN `name` CASCADE; args=[]
2016-10-03 22:35:42,249 [MainThread:3880] [django.db.backends:89] [utils:execute] [DEBUG]- (0.002) SHOW FULL TABLES; args=None
2016-10-03 22:35:42,296 [MainThread:3880] [django.db.backends:89] [utils:execute] [DEBUG]- (0.045) INSERT INTO `django_migrations` (`app`, `name`, `applied`) VALUES ('contenttypes', '0002_remove_content_type_name', '2016-10-03 14:35:42.250000'); args=['contenttypes', u'0002_remove_content_type_name', u'2016-10-03 14:35:42.250000']
2016-10-03 22:35:42,434 [MainThread:3880] [django.db.backends.schema:102] [schema:execute] [DEBUG]- CREATE TABLE `auth_permission` (`id` integer AUTO_INCREMENT NOT NULL PRIMARY KEY, `name` varchar(50) NOT NULL, `content_type_id` integer NOT NULL, `codename` varchar(100) NOT NULL, UNIQUE (`content_type_id`, `codename`)); (params None)
2016-10-03 22:35:43,246 [MainThread:3880] [django.db.backends:89] [utils:execute] [DEBUG]- (0.810) CREATE TABLE `auth_permission` (`id` integer AUTO_INCREMENT NOT NULL PRIMARY KEY, `name` varchar(50) NOT NULL, `content_type_id` integer NOT NULL, `codename` varchar(100) NOT NULL, UNIQUE (`content_type_id`, `codename`)); args=None
2016-10-03 22:35:43,365 [MainThread:3880] [django.db.backends:89] [utils:execute] [DEBUG]- (0.119) SELECT engine FROM information_schema.tables WHERE table_name = 'auth_permission'; args=[u'auth_permission']
2016-10-03 22:35:43,378 [MainThread:3880] [django.db.backends.schema:102] [schema:execute] [DEBUG]- CREATE TABLE `auth_group` (`id` integer AUTO_INCREMENT NOT NULL PRIMARY KEY, `name` varchar(80) NOT NULL UNIQUE); (params None)
2016-10-03 22:35:44,233 [MainThread:3880] [django.db.backends:89] [utils:execute] [DEBUG]- (0.853) CREATE TABLE `auth_group` (`id` integer AUTO_INCREMENT NOT NULL PRIMARY KEY, `name` varchar(80) NOT NULL UNIQUE); args=None
2016-10-03 22:35:44,331 [MainThread:3880] [django.db.backends:89] [utils:execute] [DEBUG]- (0.097) SELECT engine FROM information_schema.tables WHERE table_name = 'auth_group'; args=[u'auth_group']
2016-10-03 22:35:44,332 [MainThread:3880] [django.db.backends.schema:102] [schema:execute] [DEBUG]- CREATE TABLE `auth_group_permissions` (`id` integer AUTO_INCREMENT NOT NULL PRIMARY KEY, `group_id` integer NOT NULL, `permission_id` integer NOT NULL, UNIQUE (`group_id`, `permission_id`)); (params None)
2016-10-03 22:35:45,065 [MainThread:3880] [django.db.backends:89] [utils:execute] [DEBUG]- (0.731) CREATE TABLE `auth_group_permissions` (`id` integer AUTO_INCREMENT NOT NULL PRIMARY KEY, `group_id` integer NOT NULL, `permission_id` integer NOT NULL, UNIQUE (`group_id`, `permission_id`)); args=None
2016-10-03 22:35:45,079 [MainThread:3880] [django.db.backends:89] [utils:execute] [DEBUG]- (0.014) SELECT engine FROM information_schema.tables WHERE table_name = 'auth_group_permissions'; args=[u'auth_group_permissions']
2016-10-03 22:35:45,091 [MainThread:3880] [django.db.backends.schema:102] [schema:execute] [DEBUG]- ALTER TABLE `auth_permission` ADD CONSTRAINT `auth_permissi_content_type_id_51277a81_fk_django_content_type_id` FOREIGN KEY (`content_type_id`) REFERENCES `django_content_type` (`id`); (params [])
2016-10-03 22:35:47,121 [MainThread:3880] [django.db.backends:89] [utils:execute] [DEBUG]- (2.031) ALTER TABLE `auth_permission` ADD CONSTRAINT `auth_permissi_content_type_id_51277a81_fk_django_content_type_id` FOREIGN KEY (`content_type_id`) REFERENCES `django_content_type` (`id`); args=[]
2016-10-03 22:35:47,121 [MainThread:3880] [django.db.backends.schema:102] [schema:execute] [DEBUG]- ALTER TABLE `auth_group_permissions` ADD CONSTRAINT `auth_group_permissions_group_id_58c48ba9_fk_auth_group_id` FOREIGN KEY (`group_id`) REFERENCES `auth_group` (`id`); (params [])
2016-10-03 22:35:48,677 [MainThread:3880] [django.db.backends:89] [utils:execute] [DEBUG]- (1.555) ALTER TABLE `auth_group_permissions` ADD CONSTRAINT `auth_group_permissions_group_id_58c48ba9_fk_auth_group_id` FOREIGN KEY (`group_id`) REFERENCES `auth_group` (`id`); args=[]
2016-10-03 22:35:48,678 [MainThread:3880] [django.db.backends.schema:102] [schema:execute] [DEBUG]- ALTER TABLE `auth_group_permissions` ADD CONSTRAINT `auth_group_permissi_permission_id_23962d04_fk_auth_permission_id` FOREIGN KEY (`permission_id`) REFERENCES `auth_permission` (`id`); (params [])
2016-10-03 22:35:50,467 [MainThread:3880] [django.db.backends:89] [utils:execute] [DEBUG]- (1.787) ALTER TABLE `auth_group_permissions` ADD CONSTRAINT `auth_group_permissi_permission_id_23962d04_fk_auth_permission_id` FOREIGN KEY (`permission_id`) REFERENCES `auth_permission` (`id`); args=[]
2016-10-03 22:35:50,470 [MainThread:3880] [django.db.backends:89] [utils:execute] [DEBUG]- (0.002) SHOW FULL TABLES; args=None
2016-10-03 22:35:50,490 [MainThread:3880] [django.db.backends:89] [utils:execute] [DEBUG]- (0.018) INSERT INTO `django_migrations` (`app`, `name`, `applied`) VALUES ('auth', '0001_initial', '2016-10-03 14:35:50.471000'); args=['auth', u'0001_initial', u'2016-10-03 14:35:50.471000']
2016-10-03 22:35:50,572 [MainThread:3880] [django.db.backends.schema:102] [schema:execute] [DEBUG]- ALTER TABLE `auth_permission` MODIFY `name` varchar(255) NOT NULL; (params [])
2016-10-03 22:35:51,923 [MainThread:3880] [django.db.backends:89] [utils:execute] [DEBUG]- (1.350) ALTER TABLE `auth_permission` MODIFY `name` varchar(255) NOT NULL; args=[]
2016-10-03 22:35:51,927 [MainThread:3880] [django.db.backends:89] [utils:execute] [DEBUG]- (0.003) SHOW FULL TABLES; args=None
2016-10-03 22:35:51,930 [MainThread:3880] [django.db.backends:89] [utils:execute] [DEBUG]- (0.000) INSERT INTO `django_migrations` (`app`, `name`, `applied`) VALUES ('auth', '0002_alter_permission_name_max_length', '2016-10-03 14:35:51.928000'); args=['auth', u'0002_alter_permission_name_max_length', u'2016-10-03 14:35:51.928000']
2016-10-03 22:35:52,002 [MainThread:3880] [django.db.backends:89] [utils:execute] [DEBUG]- (0.002) SHOW FULL TABLES; args=None
2016-10-03 22:35:52,005 [MainThread:3880] [django.db.backends:89] [utils:execute] [DEBUG]- (0.001) INSERT INTO `django_migrations` (`app`, `name`, `applied`) VALUES ('auth', '0003_alter_user_email_max_length', '2016-10-03 14:35:52.003000'); args=['auth', u'0003_alter_user_email_max_length', u'2016-10-03 14:35:52.003000']
2016-10-03 22:35:52,062 [MainThread:3880] [django.db.backends:89] [utils:execute] [DEBUG]- (0.000) SHOW FULL TABLES; args=None
2016-10-03 22:35:52,065 [MainThread:3880] [django.db.backends:89] [utils:execute] [DEBUG]- (0.001) INSERT INTO `django_migrations` (`app`, `name`, `applied`) VALUES ('auth', '0004_alter_user_username_opts', '2016-10-03 14:35:52.064000'); args=['auth', u'0004_alter_user_username_opts', u'2016-10-03 14:35:52.064000']
2016-10-03 22:35:52,141 [MainThread:3880] [django.db.backends:89] [utils:execute] [DEBUG]- (0.001) SHOW FULL TABLES; args=None
2016-10-03 22:35:52,153 [MainThread:3880] [django.db.backends:89] [utils:execute] [DEBUG]- (0.011) INSERT INTO `django_migrations` (`app`, `name`, `applied`) VALUES ('auth', '0005_alter_user_last_login_null', '2016-10-03 14:35:52.141000'); args=['auth', u'0005_alter_user_last_login_null', u'2016-10-03 14:35:52.141000']
2016-10-03 22:35:52,211 [MainThread:3880] [django.db.backends:89] [utils:execute] [DEBUG]- (0.002) SHOW FULL TABLES; args=None
2016-10-03 22:35:52,227 [MainThread:3880] [django.db.backends:89] [utils:execute] [DEBUG]- (0.015) INSERT INTO `django_migrations` (`app`, `name`, `applied`) VALUES ('auth', '0006_require_contenttypes_0002', '2016-10-03 14:35:52.213000'); args=['auth', u'0006_require_contenttypes_0002', u'2016-10-03 14:35:52.213000']
2016-10-03 22:35:52,312 [MainThread:3880] [django.db.backends.schema:102] [schema:execute] [DEBUG]- CREATE TABLE `blog_user` (`id` integer AUTO_INCREMENT NOT NULL PRIMARY KEY, `password` varchar(128) NOT NULL, `last_login` datetime(6) NULL, `is_superuser` bool NOT NULL, `username` varchar(30) NOT NULL UNIQUE, `first_name` varchar(30) NOT NULL, `last_name` varchar(30) NOT NULL, `email` varchar(254) NOT NULL, `is_staff` bool NOT NULL, `is_active` bool NOT NULL, `date_joined` datetime(6) NOT NULL, `avatar` varchar(200) NULL, `qq` varchar(20) NULL, `mobile` varchar(11) NULL UNIQUE); (params None)
2016-10-03 22:35:52,954 [MainThread:3880] [django.db.backends:89] [utils:execute] [DEBUG]- (0.642) CREATE TABLE `blog_user` (`id` integer AUTO_INCREMENT NOT NULL PRIMARY KEY, `password` varchar(128) NOT NULL, `last_login` datetime(6) NULL, `is_superuser` bool NOT NULL, `username` varchar(30) NOT NULL UNIQUE, `first_name` varchar(30) NOT NULL, `last_name` varchar(30) NOT NULL, `email` varchar(254) NOT NULL, `is_staff` bool NOT NULL, `is_active` bool NOT NULL, `date_joined` datetime(6) NOT NULL, `avatar` varchar(200) NULL, `qq` varchar(20) NULL, `mobile` varchar(11) NULL UNIQUE); args=None
2016-10-03 22:35:52,979 [MainThread:3880] [django.db.backends:89] [utils:execute] [DEBUG]- (0.023) SELECT engine FROM information_schema.tables WHERE table_name = 'blog_user'; args=[u'blog_user']
2016-10-03 22:35:52,982 [MainThread:3880] [django.db.backends.schema:102] [schema:execute] [DEBUG]- CREATE TABLE `blog_user_groups` (`id` integer AUTO_INCREMENT NOT NULL PRIMARY KEY, `user_id` integer NOT NULL, `group_id` integer NOT NULL, UNIQUE (`user_id`, `group_id`)); (params None)
2016-10-03 22:35:53,854 [MainThread:3880] [django.db.backends:89] [utils:execute] [DEBUG]- (0.871) CREATE TABLE `blog_user_groups` (`id` integer AUTO_INCREMENT NOT NULL PRIMARY KEY, `user_id` integer NOT NULL, `group_id` integer NOT NULL, UNIQUE (`user_id`, `group_id`)); args=None
2016-10-03 22:35:53,855 [MainThread:3880] [django.db.backends:89] [utils:execute] [DEBUG]- (0.002) SELECT engine FROM information_schema.tables WHERE table_name = 'blog_user_groups'; args=[u'blog_user_groups']
2016-10-03 22:35:53,857 [MainThread:3880] [django.db.backends.schema:102] [schema:execute] [DEBUG]- CREATE TABLE `blog_user_user_permissions` (`id` integer AUTO_INCREMENT NOT NULL PRIMARY KEY, `user_id` integer NOT NULL, `permission_id` integer NOT NULL, UNIQUE (`user_id`, `permission_id`)); (params None)
2016-10-03 22:35:54,555 [MainThread:3880] [django.db.backends:89] [utils:execute] [DEBUG]- (0.698) CREATE TABLE `blog_user_user_permissions` (`id` integer AUTO_INCREMENT NOT NULL PRIMARY KEY, `user_id` integer NOT NULL, `permission_id` integer NOT NULL, UNIQUE (`user_id`, `permission_id`)); args=None
2016-10-03 22:35:54,559 [MainThread:3880] [django.db.backends:89] [utils:execute] [DEBUG]- (0.004) SELECT engine FROM information_schema.tables WHERE table_name = 'blog_user_user_permissions'; args=[u'blog_user_user_permissions']
2016-10-03 22:35:54,572 [MainThread:3880] [django.db.backends.schema:102] [schema:execute] [DEBUG]- CREATE TABLE `blog_ad` (`id` integer AUTO_INCREMENT NOT NULL PRIMARY KEY, `title` varchar(50) NOT NULL, `description` varchar(200) NOT NULL, `image_url` varchar(100) NOT NULL, `callback_url` varchar(200) NULL, `date_publish` datetime(6) NOT NULL, `index` integer NOT NULL); (params None)
2016-10-03 22:35:55,032 [MainThread:3880] [django.db.backends:89] [utils:execute] [DEBUG]- (0.460) CREATE TABLE `blog_ad` (`id` integer AUTO_INCREMENT NOT NULL PRIMARY KEY, `title` varchar(50) NOT NULL, `description` varchar(200) NOT NULL, `image_url` varchar(100) NOT NULL, `callback_url` varchar(200) NULL, `date_publish` datetime(6) NOT NULL, `index` integer NOT NULL); args=None
2016-10-03 22:35:55,038 [MainThread:3880] [django.db.backends:89] [utils:execute] [DEBUG]- (0.005) SELECT engine FROM information_schema.tables WHERE table_name = 'blog_ad'; args=[u'blog_ad']
2016-10-03 22:35:55,049 [MainThread:3880] [django.db.backends.schema:102] [schema:execute] [DEBUG]- CREATE TABLE `blog_article` (`id` integer AUTO_INCREMENT NOT NULL PRIMARY KEY, `title` varchar(50) NOT NULL, `desc` varchar(50) NOT NULL, `content` longtext NOT NULL, `click_count` integer NOT NULL, `is_recommend` bool NOT NULL, `date_publish` datetime(6) NOT NULL); (params None)
2016-10-03 22:35:56,417 [MainThread:3880] [django.db.backends:89] [utils:execute] [DEBUG]- (1.368) CREATE TABLE `blog_article` (`id` integer AUTO_INCREMENT NOT NULL PRIMARY KEY, `title` varchar(50) NOT NULL, `desc` varchar(50) NOT NULL, `content` longtext NOT NULL, `click_count` integer NOT NULL, `is_recommend` bool NOT NULL, `date_publish` datetime(6) NOT NULL); args=None
2016-10-03 22:35:56,423 [MainThread:3880] [django.db.backends:89] [utils:execute] [DEBUG]- (0.004) SELECT engine FROM information_schema.tables WHERE table_name = 'blog_article'; args=[u'blog_article']
2016-10-03 22:35:56,434 [MainThread:3880] [django.db.backends.schema:102] [schema:execute] [DEBUG]- CREATE TABLE `blog_category` (`id` integer AUTO_INCREMENT NOT NULL PRIMARY KEY, `name` varchar(30) NOT NULL, `index` integer NOT NULL); (params None)
2016-10-03 22:35:56,844 [MainThread:3880] [django.db.backends:89] [utils:execute] [DEBUG]- (0.408) CREATE TABLE `blog_category` (`id` integer AUTO_INCREMENT NOT NULL PRIMARY KEY, `name` varchar(30) NOT NULL, `index` integer NOT NULL); args=None
2016-10-03 22:35:56,848 [MainThread:3880] [django.db.backends:89] [utils:execute] [DEBUG]- (0.004) SELECT engine FROM information_schema.tables WHERE table_name = 'blog_category'; args=[u'blog_category']
2016-10-03 22:35:56,884 [MainThread:3880] [django.db.backends.schema:102] [schema:execute] [DEBUG]- CREATE TABLE `blog_comment` (`id` integer AUTO_INCREMENT NOT NULL PRIMARY KEY, `content` longtext NOT NULL, `date_publish` datetime(6) NOT NULL, `article_id` integer NULL, `pid_id` integer NULL, `user_id` integer NULL); (params None)
2016-10-03 22:35:58,201 [MainThread:3880] [django.db.backends:89] [utils:execute] [DEBUG]- (1.317) CREATE TABLE `blog_comment` (`id` integer AUTO_INCREMENT NOT NULL PRIMARY KEY, `content` longtext NOT NULL, `date_publish` datetime(6) NOT NULL, `article_id` integer NULL, `pid_id` integer NULL, `user_id` integer NULL); args=None
2016-10-03 22:35:58,207 [MainThread:3880] [django.db.backends:89] [utils:execute] [DEBUG]- (0.004) SELECT engine FROM information_schema.tables WHERE table_name = 'blog_comment'; args=[u'blog_comment']
2016-10-03 22:35:58,220 [MainThread:3880] [django.db.backends.schema:102] [schema:execute] [DEBUG]- CREATE TABLE `blog_links` (`id` integer AUTO_INCREMENT NOT NULL PRIMARY KEY, `title` varchar(50) NOT NULL, `description` varchar(200) NOT NULL, `callback_url` varchar(200) NOT NULL, `date_publish` datetime(6) NOT NULL, `index` integer NOT NULL); (params None)
2016-10-03 22:35:58,821 [MainThread:3880] [django.db.backends:89] [utils:execute] [DEBUG]- (0.600) CREATE TABLE `blog_links` (`id` integer AUTO_INCREMENT NOT NULL PRIMARY KEY, `title` varchar(50) NOT NULL, `description` varchar(200) NOT NULL, `callback_url` varchar(200) NOT NULL, `date_publish` datetime(6) NOT NULL, `index` integer NOT NULL); args=None
2016-10-03 22:35:58,825 [MainThread:3880] [django.db.backends:89] [utils:execute] [DEBUG]- (0.003) SELECT engine FROM information_schema.tables WHERE table_name = 'blog_links'; args=[u'blog_links']
2016-10-03 22:35:58,835 [MainThread:3880] [django.db.backends.schema:102] [schema:execute] [DEBUG]- CREATE TABLE `blog_tag` (`id` integer AUTO_INCREMENT NOT NULL PRIMARY KEY, `name` varchar(30) NOT NULL); (params None)
2016-10-03 22:35:59,309 [MainThread:3880] [django.db.backends:89] [utils:execute] [DEBUG]- (0.474) CREATE TABLE `blog_tag` (`id` integer AUTO_INCREMENT NOT NULL PRIMARY KEY, `name` varchar(30) NOT NULL); args=None
2016-10-03 22:35:59,313 [MainThread:3880] [django.db.backends:89] [utils:execute] [DEBUG]- (0.003) SELECT engine FROM information_schema.tables WHERE table_name = 'blog_tag'; args=[u'blog_tag']
2016-10-03 22:35:59,355 [MainThread:3880] [django.db.backends.schema:102] [schema:execute] [DEBUG]- ALTER TABLE `blog_article` ADD COLUMN `category_id` integer NULL; (params [])
2016-10-03 22:36:00,486 [MainThread:3880] [django.db.backends:89] [utils:execute] [DEBUG]- (1.131) ALTER TABLE `blog_article` ADD COLUMN `category_id` integer NULL; args=[]
2016-10-03 22:36:00,487 [MainThread:3880] [django.db.backends.schema:102] [schema:execute] [DEBUG]- ALTER TABLE `blog_article` ALTER COLUMN `category_id` DROP DEFAULT; (params [])
2016-10-03 22:36:00,793 [MainThread:3880] [django.db.backends:89] [utils:execute] [DEBUG]- (0.306) ALTER TABLE `blog_article` ALTER COLUMN `category_id` DROP DEFAULT; args=[]
2016-10-03 22:36:00,865 [MainThread:3880] [django.db.backends.schema:102] [schema:execute] [DEBUG]- CREATE TABLE `blog_article_tag` (`id` integer AUTO_INCREMENT NOT NULL PRIMARY KEY, `article_id` integer NOT NULL, `tag_id` integer NOT NULL, UNIQUE (`article_id`, `tag_id`)); (params None)
2016-10-03 22:36:01,832 [MainThread:3880] [django.db.backends:89] [utils:execute] [DEBUG]- (0.966) CREATE TABLE `blog_article_tag` (`id` integer AUTO_INCREMENT NOT NULL PRIMARY KEY, `article_id` integer NOT NULL, `tag_id` integer NOT NULL, UNIQUE (`article_id`, `tag_id`)); args=None
2016-10-03 22:36:01,836 [MainThread:3880] [django.db.backends:89] [utils:execute] [DEBUG]- (0.003) SELECT engine FROM information_schema.tables WHERE table_name = 'blog_article_tag'; args=[u'blog_article_tag']
2016-10-03 22:36:01,900 [MainThread:3880] [django.db.backends.schema:102] [schema:execute] [DEBUG]- ALTER TABLE `blog_article` ADD COLUMN `user_id` integer NOT NULL; (params [])
2016-10-03 22:36:03,151 [MainThread:3880] [django.db.backends:89] [utils:execute] [DEBUG]- (1.250) ALTER TABLE `blog_article` ADD COLUMN `user_id` integer NOT NULL; args=[]
2016-10-03 22:36:03,151 [MainThread:3880] [django.db.backends.schema:102] [schema:execute] [DEBUG]- ALTER TABLE `blog_article` ALTER COLUMN `user_id` DROP DEFAULT; (params [])
2016-10-03 22:36:03,296 [MainThread:3880] [django.db.backends:89] [utils:execute] [DEBUG]- (0.144) ALTER TABLE `blog_article` ALTER COLUMN `user_id` DROP DEFAULT; args=[]
2016-10-03 22:36:03,296 [MainThread:3880] [django.db.backends.schema:102] [schema:execute] [DEBUG]- ALTER TABLE `blog_user_groups` ADD CONSTRAINT `blog_user_groups_user_id_3a8a3282_fk_blog_user_id` FOREIGN KEY (`user_id`) REFERENCES `blog_user` (`id`); (params [])
2016-10-03 22:36:07,026 [MainThread:3880] [django.db.backends:89] [utils:execute] [DEBUG]- (3.728) ALTER TABLE `blog_user_groups` ADD CONSTRAINT `blog_user_groups_user_id_3a8a3282_fk_blog_user_id` FOREIGN KEY (`user_id`) REFERENCES `blog_user` (`id`); args=[]
2016-10-03 22:36:07,026 [MainThread:3880] [django.db.backends.schema:102] [schema:execute] [DEBUG]- ALTER TABLE `blog_user_groups` ADD CONSTRAINT `blog_user_groups_group_id_17533145_fk_auth_group_id` FOREIGN KEY (`group_id`) REFERENCES `auth_group` (`id`); (params [])
2016-10-03 22:36:09,223 [MainThread:3880] [django.db.backends:89] [utils:execute] [DEBUG]- (2.195) ALTER TABLE `blog_user_groups` ADD CONSTRAINT `blog_user_groups_group_id_17533145_fk_auth_group_id` FOREIGN KEY (`group_id`) REFERENCES `auth_group` (`id`); args=[]
2016-10-03 22:36:09,223 [MainThread:3880] [django.db.backends.schema:102] [schema:execute] [DEBUG]- ALTER TABLE `blog_user_user_permissions` ADD CONSTRAINT `blog_user_user_permissions_user_id_528ed84c_fk_blog_user_id` FOREIGN KEY (`user_id`) REFERENCES `blog_user` (`id`); (params [])
2016-10-03 22:36:11,338 [MainThread:3880] [django.db.backends:89] [utils:execute] [DEBUG]- (2.113) ALTER TABLE `blog_user_user_permissions` ADD CONSTRAINT `blog_user_user_permissions_user_id_528ed84c_fk_blog_user_id` FOREIGN KEY (`user_id`) REFERENCES `blog_user` (`id`); args=[]
2016-10-03 22:36:11,338 [MainThread:3880] [django.db.backends.schema:102] [schema:execute] [DEBUG]- ALTER TABLE `blog_user_user_permissions` ADD CONSTRAINT `blog_user_user_permi_permission_id_7c26d92_fk_auth_permission_id` FOREIGN KEY (`permission_id`) REFERENCES `auth_permission` (`id`); (params [])
2016-10-03 22:36:14,703 [MainThread:3880] [django.db.backends:89] [utils:execute] [DEBUG]- (3.366) ALTER TABLE `blog_user_user_permissions` ADD CONSTRAINT `blog_user_user_permi_permission_id_7c26d92_fk_auth_permission_id` FOREIGN KEY (`permission_id`) REFERENCES `auth_permission` (`id`); args=[]
2016-10-03 22:36:14,704 [MainThread:3880] [django.db.backends.schema:102] [schema:execute] [DEBUG]- ALTER TABLE `blog_comment` ADD CONSTRAINT `blog_comment_article_id_484cf50b_fk_blog_article_id` FOREIGN KEY (`article_id`) REFERENCES `blog_article` (`id`); (params [])
2016-10-03 22:36:19,299 [MainThread:3880] [django.db.backends:89] [utils:execute] [DEBUG]- (4.595) ALTER TABLE `blog_comment` ADD CONSTRAINT `blog_comment_article_id_484cf50b_fk_blog_article_id` FOREIGN KEY (`article_id`) REFERENCES `blog_article` (`id`); args=[]
2016-10-03 22:36:19,301 [MainThread:3880] [django.db.backends.schema:102] [schema:execute] [DEBUG]- ALTER TABLE `blog_comment` ADD CONSTRAINT `blog_comment_pid_id_36aa5e28_fk_blog_comment_id` FOREIGN KEY (`pid_id`) REFERENCES `blog_comment` (`id`); (params [])
2016-10-03 22:36:22,733 [MainThread:3880] [django.db.backends:89] [utils:execute] [DEBUG]- (3.432) ALTER TABLE `blog_comment` ADD CONSTRAINT `blog_comment_pid_id_36aa5e28_fk_blog_comment_id` FOREIGN KEY (`pid_id`) REFERENCES `blog_comment` (`id`); args=[]
2016-10-03 22:36:22,733 [MainThread:3880] [django.db.backends.schema:102] [schema:execute] [DEBUG]- ALTER TABLE `blog_comment` ADD CONSTRAINT `blog_comment_user_id_47f3b573_fk_blog_user_id` FOREIGN KEY (`user_id`) REFERENCES `blog_user` (`id`); (params [])
2016-10-03 22:36:24,667 [MainThread:3880] [django.db.backends:89] [utils:execute] [DEBUG]- (1.932) ALTER TABLE `blog_comment` ADD CONSTRAINT `blog_comment_user_id_47f3b573_fk_blog_user_id` FOREIGN KEY (`user_id`) REFERENCES `blog_user` (`id`); args=[]
2016-10-03 22:36:24,667 [MainThread:3880] [django.db.backends.schema:102] [schema:execute] [DEBUG]- CREATE INDEX `blog_article_b583a629` ON `blog_article` (`category_id`); (params [])
2016-10-03 22:36:25,198 [MainThread:3880] [django.db.backends:89] [utils:execute] [DEBUG]- (0.530) CREATE INDEX `blog_article_b583a629` ON `blog_article` (`category_id`); args=[]
2016-10-03 22:36:25,200 [MainThread:3880] [django.db.backends.schema:102] [schema:execute] [DEBUG]- ALTER TABLE `blog_article` ADD CONSTRAINT `blog_article_category_id_1edad293_fk_blog_category_id` FOREIGN KEY (`category_id`) REFERENCES `blog_category` (`id`); (params [])
2016-10-03 22:36:27,256 [MainThread:3880] [django.db.backends:89] [utils:execute] [DEBUG]- (2.055) ALTER TABLE `blog_article` ADD CONSTRAINT `blog_article_category_id_1edad293_fk_blog_category_id` FOREIGN KEY (`category_id`) REFERENCES `blog_category` (`id`); args=[]
2016-10-03 22:36:27,256 [MainThread:3880] [django.db.backends.schema:102] [schema:execute] [DEBUG]- ALTER TABLE `blog_article_tag` ADD CONSTRAINT `blog_article_tag_article_id_4cf54675_fk_blog_article_id` FOREIGN KEY (`article_id`) REFERENCES `blog_article` (`id`); (params [])
2016-10-03 22:36:28,934 [MainThread:3880] [django.db.backends:89] [utils:execute] [DEBUG]- (1.677) ALTER TABLE `blog_article_tag` ADD CONSTRAINT `blog_article_tag_article_id_4cf54675_fk_blog_article_id` FOREIGN KEY (`article_id`) REFERENCES `blog_article` (`id`); args=[]
2016-10-03 22:36:28,934 [MainThread:3880] [django.db.backends.schema:102] [schema:execute] [DEBUG]- ALTER TABLE `blog_article_tag` ADD CONSTRAINT `blog_article_tag_tag_id_7f711bf5_fk_blog_tag_id` FOREIGN KEY (`tag_id`) REFERENCES `blog_tag` (`id`); (params [])
2016-10-03 22:36:30,766 [MainThread:3880] [django.db.backends:89] [utils:execute] [DEBUG]- (1.832) ALTER TABLE `blog_article_tag` ADD CONSTRAINT `blog_article_tag_tag_id_7f711bf5_fk_blog_tag_id` FOREIGN KEY (`tag_id`) REFERENCES `blog_tag` (`id`); args=[]
2016-10-03 22:36:30,769 [MainThread:3880] [django.db.backends.schema:102] [schema:execute] [DEBUG]- CREATE INDEX `blog_article_e8701ad4` ON `blog_article` (`user_id`); (params [])
2016-10-03 22:36:31,303 [MainThread:3880] [django.db.backends:89] [utils:execute] [DEBUG]- (0.535) CREATE INDEX `blog_article_e8701ad4` ON `blog_article` (`user_id`); args=[]
2016-10-03 22:36:31,303 [MainThread:3880] [django.db.backends.schema:102] [schema:execute] [DEBUG]- ALTER TABLE `blog_article` ADD CONSTRAINT `blog_article_user_id_60c35d4c_fk_blog_user_id` FOREIGN KEY (`user_id`) REFERENCES `blog_user` (`id`); (params [])
2016-10-03 22:36:32,834 [MainThread:3880] [django.db.backends:89] [utils:execute] [DEBUG]- (1.529) ALTER TABLE `blog_article` ADD CONSTRAINT `blog_article_user_id_60c35d4c_fk_blog_user_id` FOREIGN KEY (`user_id`) REFERENCES `blog_user` (`id`); args=[]
2016-10-03 22:36:32,839 [MainThread:3880] [django.db.backends:89] [utils:execute] [DEBUG]- (0.005) SHOW FULL TABLES; args=None
2016-10-03 22:36:32,869 [MainThread:3880] [django.db.backends:89] [utils:execute] [DEBUG]- (0.028) INSERT INTO `django_migrations` (`app`, `name`, `applied`) VALUES ('blog', '0001_initial', '2016-10-03 14:36:32.841000'); args=['blog', u'0001_initial', u'2016-10-03 14:36:32.841000']
2016-10-03 22:36:32,990 [MainThread:3880] [django.db.backends.schema:102] [schema:execute] [DEBUG]- CREATE TABLE `django_admin_log` (`id` integer AUTO_INCREMENT NOT NULL PRIMARY KEY, `action_time` datetime(6) NOT NULL, `object_id` longtext NULL, `object_repr` varchar(200) NOT NULL, `action_flag` smallint UNSIGNED NOT NULL, `change_message` longtext NOT NULL, `content_type_id` integer NULL, `user_id` integer NOT NULL); (params None)
2016-10-03 22:36:33,599 [MainThread:3880] [django.db.backends:89] [utils:execute] [DEBUG]- (0.609) CREATE TABLE `django_admin_log` (`id` integer AUTO_INCREMENT NOT NULL PRIMARY KEY, `action_time` datetime(6) NOT NULL, `object_id` longtext NULL, `object_repr` varchar(200) NOT NULL, `action_flag` smallint UNSIGNED NOT NULL, `change_message` longtext NOT NULL, `content_type_id` integer NULL, `user_id` integer NOT NULL); args=None
2016-10-03 22:36:33,661 [MainThread:3880] [django.db.backends:89] [utils:execute] [DEBUG]- (0.061) SELECT engine FROM information_schema.tables WHERE table_name = 'django_admin_log'; args=[u'django_admin_log']
2016-10-03 22:36:33,661 [MainThread:3880] [django.db.backends.schema:102] [schema:execute] [DEBUG]- ALTER TABLE `django_admin_log` ADD CONSTRAINT `django_admin__content_type_id_5151027a_fk_django_content_type_id` FOREIGN KEY (`content_type_id`) REFERENCES `django_content_type` (`id`); (params [])
2016-10-03 22:36:35,012 [MainThread:3880] [django.db.backends:89] [utils:execute] [DEBUG]- (1.348) ALTER TABLE `django_admin_log` ADD CONSTRAINT `django_admin__content_type_id_5151027a_fk_django_content_type_id` FOREIGN KEY (`content_type_id`) REFERENCES `django_content_type` (`id`); args=[]
2016-10-03 22:36:35,012 [MainThread:3880] [django.db.backends.schema:102] [schema:execute] [DEBUG]- ALTER TABLE `django_admin_log` ADD CONSTRAINT `django_admin_log_user_id_1c5f563_fk_blog_user_id` FOREIGN KEY (`user_id`) REFERENCES `blog_user` (`id`); (params [])
2016-10-03 22:36:42,273 [MainThread:3880] [django.db.backends:89] [utils:execute] [DEBUG]- (7.262) ALTER TABLE `django_admin_log` ADD CONSTRAINT `django_admin_log_user_id_1c5f563_fk_blog_user_id` FOREIGN KEY (`user_id`) REFERENCES `blog_user` (`id`); args=[]
2016-10-03 22:36:42,278 [MainThread:3880] [django.db.backends:89] [utils:execute] [DEBUG]- (0.003) SHOW FULL TABLES; args=None
2016-10-03 22:36:42,293 [MainThread:3880] [django.db.backends:89] [utils:execute] [DEBUG]- (0.014) INSERT INTO `django_migrations` (`app`, `name`, `applied`) VALUES ('admin', '0001_initial', '2016-10-03 14:36:42.279000'); args=['admin', u'0001_initial', u'2016-10-03 14:36:42.279000']
2016-10-03 22:36:42,390 [MainThread:3880] [django.db.backends.schema:102] [schema:execute] [DEBUG]- CREATE TABLE `django_session` (`session_key` varchar(40) NOT NULL PRIMARY KEY, `session_data` longtext NOT NULL, `expire_date` datetime(6) NOT NULL); (params None)
2016-10-03 22:36:43,368 [MainThread:3880] [django.db.backends:89] [utils:execute] [DEBUG]- (0.978) CREATE TABLE `django_session` (`session_key` varchar(40) NOT NULL PRIMARY KEY, `session_data` longtext NOT NULL, `expire_date` datetime(6) NOT NULL); args=None
2016-10-03 22:36:43,457 [MainThread:3880] [django.db.backends:89] [utils:execute] [DEBUG]- (0.089) SELECT engine FROM information_schema.tables WHERE table_name = 'django_session'; args=[u'django_session']
2016-10-03 22:36:43,457 [MainThread:3880] [django.db.backends.schema:102] [schema:execute] [DEBUG]- CREATE INDEX `django_session_de54fa62` ON `django_session` (`expire_date`); (params [])
2016-10-03 22:36:44,259 [MainThread:3880] [django.db.backends:89] [utils:execute] [DEBUG]- (0.802) CREATE INDEX `django_session_de54fa62` ON `django_session` (`expire_date`); args=[]
2016-10-03 22:36:44,265 [MainThread:3880] [django.db.backends:89] [utils:execute] [DEBUG]- (0.004) SHOW FULL TABLES; args=None
2016-10-03 22:36:44,286 [MainThread:3880] [django.db.backends:89] [utils:execute] [DEBUG]- (0.017) INSERT INTO `django_migrations` (`app`, `name`, `applied`) VALUES ('sessions', '0001_initial', '2016-10-03 14:36:44.267000'); args=['sessions', u'0001_initial', u'2016-10-03 14:36:44.267000']
2016-10-03 22:36:44,539 [MainThread:3880] [django.db.backends:89] [utils:execute] [DEBUG]- (0.155) SELECT `django_content_type`.`id`, `django_content_type`.`app_label`, `django_content_type`.`model` FROM `django_content_type` WHERE (`django_content_type`.`model` = 'logentry' AND `django_content_type`.`app_label` = 'admin'); args=('logentry', 'admin')
2016-10-03 22:36:44,542 [MainThread:3880] [django.db.backends:89] [utils:execute] [DEBUG]- (0.000) SELECT `django_content_type`.`id`, `django_content_type`.`app_label`, `django_content_type`.`model` FROM `django_content_type` WHERE (`django_content_type`.`model` = 'logentry' AND `django_content_type`.`app_label` = 'admin'); args=('logentry', 'admin')
2016-10-03 22:36:44,552 [MainThread:3880] [django.db.backends:89] [utils:execute] [DEBUG]- (0.008) INSERT INTO `django_content_type` (`app_label`, `model`) VALUES ('admin', 'logentry'); args=['admin', 'logentry']
2016-10-03 22:36:44,759 [MainThread:3880] [django.db.backends:89] [utils:execute] [DEBUG]- (0.136) SELECT `auth_permission`.`content_type_id`, `auth_permission`.`codename` FROM `auth_permission` INNER JOIN `django_content_type` ON ( `auth_permission`.`content_type_id` = `django_content_type`.`id` ) WHERE `auth_permission`.`content_type_id` IN (1) ORDER BY `django_content_type`.`app_label` ASC, `django_content_type`.`model` ASC, `auth_permission`.`codename` ASC; args=(1,)
2016-10-03 22:36:44,785 [MainThread:3880] [django.db.backends:89] [utils:execute] [DEBUG]- (0.023) INSERT INTO `auth_permission` (`name`, `content_type_id`, `codename`) VALUES ('Can add log entry', 1, 'add_logentry'), ('Can change log entry', 1, 'change_logentry'), ('Can delete log entry', 1, 'delete_logentry'); args=(u'Can add log entry', 1, u'add_logentry', u'Can change log entry', 1, u'change_logentry', u'Can delete log entry', 1, u'delete_logentry')
2016-10-03 22:36:44,915 [MainThread:3880] [django.db.backends:89] [utils:execute] [DEBUG]- (0.001) SELECT `django_content_type`.`id`, `django_content_type`.`app_label`, `django_content_type`.`model` FROM `django_content_type` WHERE `django_content_type`.`app_label` = 'admin'; args=('admin',)
2016-10-03 22:36:44,917 [MainThread:3880] [django.db.backends:89] [utils:execute] [DEBUG]- (0.000) SELECT `django_content_type`.`id`, `django_content_type`.`app_label`, `django_content_type`.`model` FROM `django_content_type` WHERE (`django_content_type`.`model` = 'permission' AND `django_content_type`.`app_label` = 'auth'); args=('permission', 'auth')
2016-10-03 22:36:44,920 [MainThread:3880] [django.db.backends:89] [utils:execute] [DEBUG]- (0.000) SELECT `django_content_type`.`id`, `django_content_type`.`app_label`, `django_content_type`.`model` FROM `django_content_type` WHERE (`django_content_type`.`model` = 'permission' AND `django_content_type`.`app_label` = 'auth'); args=('permission', 'auth')
2016-10-03 22:36:44,986 [MainThread:3880] [django.db.backends:89] [utils:execute] [DEBUG]- (0.064) INSERT INTO `django_content_type` (`app_label`, `model`) VALUES ('auth', 'permission'); args=['auth', 'permission']
2016-10-03 22:36:45,053 [MainThread:3880] [django.db.backends:89] [utils:execute] [DEBUG]- (0.001) SELECT `django_content_type`.`id`, `django_content_type`.`app_label`, `django_content_type`.`model` FROM `django_content_type` WHERE (`django_content_type`.`model` = 'group' AND `django_content_type`.`app_label` = 'auth'); args=('group', 'auth')
2016-10-03 22:36:45,055 [MainThread:3880] [django.db.backends:89] [utils:execute] [DEBUG]- (0.001) SELECT `django_content_type`.`id`, `django_content_type`.`app_label`, `django_content_type`.`model` FROM `django_content_type` WHERE (`django_content_type`.`model` = 'group' AND `django_content_type`.`app_label` = 'auth'); args=('group', 'auth')
2016-10-03 22:36:45,066 [MainThread:3880] [django.db.backends:89] [utils:execute] [DEBUG]- (0.010) INSERT INTO `django_content_type` (`app_label`, `model`) VALUES ('auth', 'group'); args=['auth', 'group']
2016-10-03 22:36:46,015 [MainThread:3880] [django.db.backends:89] [utils:execute] [DEBUG]- (0.731) SELECT `auth_permission`.`content_type_id`, `auth_permission`.`codename` FROM `auth_permission` INNER JOIN `django_content_type` ON ( `auth_permission`.`content_type_id` = `django_content_type`.`id` ) WHERE `auth_permission`.`content_type_id` IN (2, 3) ORDER BY `django_content_type`.`app_label` ASC, `django_content_type`.`model` ASC, `auth_permission`.`codename` ASC; args=(2, 3)
2016-10-03 22:36:46,112 [MainThread:3880] [django.db.backends:89] [utils:execute] [DEBUG]- (0.096) INSERT INTO `auth_permission` (`name`, `content_type_id`, `codename`) VALUES ('Can add permission', 2, 'add_permission'), ('Can change permission', 2, 'change_permission'), ('Can delete permission', 2, 'delete_permission'), ('Can add group', 3, 'add_group'), ('Can change group', 3, 'change_group'), ('Can delete group', 3, 'delete_group'); args=(u'Can add permission', 2, u'add_permission', u'Can change permission', 2, u'change_permission', u'Can delete permission', 2, u'delete_permission', u'Can add group', 3, u'add_group', u'Can change group', 3, u'change_group', u'Can delete group', 3, u'delete_group')
2016-10-03 22:36:46,168 [MainThread:3880] [django.db.backends:89] [utils:execute] [DEBUG]- (0.001) SELECT `django_content_type`.`id`, `django_content_type`.`app_label`, `django_content_type`.`model` FROM `django_content_type` WHERE `django_content_type`.`app_label` = 'auth'; args=('auth',)
2016-10-03 22:36:46,170 [MainThread:3880] [django.db.backends:89] [utils:execute] [DEBUG]- (0.000) SELECT `django_content_type`.`id`, `django_content_type`.`app_label`, `django_content_type`.`model` FROM `django_content_type` WHERE (`django_content_type`.`model` = 'contenttype' AND `django_content_type`.`app_label` = 'contenttypes'); args=('contenttype', 'contenttypes')
2016-10-03 22:36:46,171 [MainThread:3880] [django.db.backends:89] [utils:execute] [DEBUG]- (0.001) SELECT `django_content_type`.`id`, `django_content_type`.`app_label`, `django_content_type`.`model` FROM `django_content_type` WHERE (`django_content_type`.`model` = 'contenttype' AND `django_content_type`.`app_label` = 'contenttypes'); args=('contenttype', 'contenttypes')
2016-10-03 22:36:46,180 [MainThread:3880] [django.db.backends:89] [utils:execute] [DEBUG]- (0.007) INSERT INTO `django_content_type` (`app_label`, `model`) VALUES ('contenttypes', 'contenttype'); args=['contenttypes', 'contenttype']
2016-10-03 22:36:46,234 [MainThread:3880] [django.db.backends:89] [utils:execute] [DEBUG]- (0.001) SELECT `auth_permission`.`content_type_id`, `auth_permission`.`codename` FROM `auth_permission` INNER JOIN `django_content_type` ON ( `auth_permission`.`content_type_id` = `django_content_type`.`id` ) WHERE `auth_permission`.`content_type_id` IN (4) ORDER BY `django_content_type`.`app_label` ASC, `django_content_type`.`model` ASC, `auth_permission`.`codename` ASC; args=(4,)
2016-10-03 22:36:46,239 [MainThread:3880] [django.db.backends:89] [utils:execute] [DEBUG]- (0.002) INSERT INTO `auth_permission` (`name`, `content_type_id`, `codename`) VALUES ('Can add content type', 4, 'add_contenttype'), ('Can change content type', 4, 'change_contenttype'), ('Can delete content type', 4, 'delete_contenttype'); args=(u'Can add content type', 4, u'add_contenttype', u'Can change content type', 4, u'change_contenttype', u'Can delete content type', 4, u'delete_contenttype')
2016-10-03 22:36:46,279 [MainThread:3880] [django.db.backends:89] [utils:execute] [DEBUG]- (0.000) SELECT `django_content_type`.`id`, `django_content_type`.`app_label`, `django_content_type`.`model` FROM `django_content_type` WHERE `django_content_type`.`app_label` = 'contenttypes'; args=('contenttypes',)
2016-10-03 22:36:46,280 [MainThread:3880] [django.db.backends:89] [utils:execute] [DEBUG]- (0.000) SELECT `django_content_type`.`id`, `django_content_type`.`app_label`, `django_content_type`.`model` FROM `django_content_type` WHERE (`django_content_type`.`model` = 'session' AND `django_content_type`.`app_label` = 'sessions'); args=('session', 'sessions')
2016-10-03 22:36:46,282 [MainThread:3880] [django.db.backends:89] [utils:execute] [DEBUG]- (0.000) SELECT `django_content_type`.`id`, `django_content_type`.`app_label`, `django_content_type`.`model` FROM `django_content_type` WHERE (`django_content_type`.`model` = 'session' AND `django_content_type`.`app_label` = 'sessions'); args=('session', 'sessions')
2016-10-03 22:36:46,345 [MainThread:3880] [django.db.backends:89] [utils:execute] [DEBUG]- (0.062) INSERT INTO `django_content_type` (`app_label`, `model`) VALUES ('sessions', 'session'); args=['sessions', 'session']
2016-10-03 22:36:46,440 [MainThread:3880] [django.db.backends:89] [utils:execute] [DEBUG]- (0.001) SELECT `auth_permission`.`content_type_id`, `auth_permission`.`codename` FROM `auth_permission` INNER JOIN `django_content_type` ON ( `auth_permission`.`content_type_id` = `django_content_type`.`id` ) WHERE `auth_permission`.`content_type_id` IN (5) ORDER BY `django_content_type`.`app_label` ASC, `django_content_type`.`model` ASC, `auth_permission`.`codename` ASC; args=(5,)
2016-10-03 22:36:46,443 [MainThread:3880] [django.db.backends:89] [utils:execute] [DEBUG]- (0.001) INSERT INTO `auth_permission` (`name`, `content_type_id`, `codename`) VALUES ('Can add session', 5, 'add_session'), ('Can change session', 5, 'change_session'), ('Can delete session', 5, 'delete_session'); args=(u'Can add session', 5, u'add_session', u'Can change session', 5, u'change_session', u'Can delete session', 5, u'delete_session')
2016-10-03 22:36:46,503 [MainThread:3880] [django.db.backends:89] [utils:execute] [DEBUG]- (0.001) SELECT `django_content_type`.`id`, `django_content_type`.`app_label`, `django_content_type`.`model` FROM `django_content_type` WHERE `django_content_type`.`app_label` = 'sessions'; args=('sessions',)
2016-10-03 22:36:46,505 [MainThread:3880] [django.db.backends:89] [utils:execute] [DEBUG]- (0.000) SELECT `django_content_type`.`id`, `django_content_type`.`app_label`, `django_content_type`.`model` FROM `django_content_type` WHERE (`django_content_type`.`model` = 'user' AND `django_content_type`.`app_label` = 'blog'); args=('user', 'blog')
2016-10-03 22:36:46,506 [MainThread:3880] [django.db.backends:89] [utils:execute] [DEBUG]- (0.001) SELECT `django_content_type`.`id`, `django_content_type`.`app_label`, `django_content_type`.`model` FROM `django_content_type` WHERE (`django_content_type`.`model` = 'user' AND `django_content_type`.`app_label` = 'blog'); args=('user', 'blog')
2016-10-03 22:36:46,546 [MainThread:3880] [django.db.backends:89] [utils:execute] [DEBUG]- (0.040) INSERT INTO `django_content_type` (`app_label`, `model`) VALUES ('blog', 'user'); args=['blog', 'user']
2016-10-03 22:36:46,716 [MainThread:3880] [django.db.backends:89] [utils:execute] [DEBUG]- (0.000) SELECT `django_content_type`.`id`, `django_content_type`.`app_label`, `django_content_type`.`model` FROM `django_content_type` WHERE (`django_content_type`.`model` = 'tag' AND `django_content_type`.`app_label` = 'blog'); args=('tag', 'blog')
2016-10-03 22:36:46,719 [MainThread:3880] [django.db.backends:89] [utils:execute] [DEBUG]- (0.001) SELECT `django_content_type`.`id`, `django_content_type`.`app_label`, `django_content_type`.`model` FROM `django_content_type` WHERE (`django_content_type`.`model` = 'tag' AND `django_content_type`.`app_label` = 'blog'); args=('tag', 'blog')
2016-10-03 22:36:46,767 [MainThread:3880] [django.db.backends:89] [utils:execute] [DEBUG]- (0.048) INSERT INTO `django_content_type` (`app_label`, `model`) VALUES ('blog', 'tag'); args=['blog', 'tag']
2016-10-03 22:36:46,825 [MainThread:3880] [django.db.backends:89] [utils:execute] [DEBUG]- (0.000) SELECT `django_content_type`.`id`, `django_content_type`.`app_label`, `django_content_type`.`model` FROM `django_content_type` WHERE (`django_content_type`.`model` = 'category' AND `django_content_type`.`app_label` = 'blog'); args=('category', 'blog')
2016-10-03 22:36:46,831 [MainThread:3880] [django.db.backends:89] [utils:execute] [DEBUG]- (0.001) SELECT `django_content_type`.`id`, `django_content_type`.`app_label`, `django_content_type`.`model` FROM `django_content_type` WHERE (`django_content_type`.`model` = 'category' AND `django_content_type`.`app_label` = 'blog'); args=('category', 'blog')
2016-10-03 22:36:46,845 [MainThread:3880] [django.db.backends:89] [utils:execute] [DEBUG]- (0.013) INSERT INTO `django_content_type` (`app_label`, `model`) VALUES ('blog', 'category'); args=['blog', 'category']
2016-10-03 22:36:46,903 [MainThread:3880] [django.db.backends:89] [utils:execute] [DEBUG]- (0.000) SELECT `django_content_type`.`id`, `django_content_type`.`app_label`, `django_content_type`.`model` FROM `django_content_type` WHERE (`django_content_type`.`model` = 'article' AND `django_content_type`.`app_label` = 'blog'); args=('article', 'blog')
2016-10-03 22:36:46,904 [MainThread:3880] [django.db.backends:89] [utils:execute] [DEBUG]- (0.000) SELECT `django_content_type`.`id`, `django_content_type`.`app_label`, `django_content_type`.`model` FROM `django_content_type` WHERE (`django_content_type`.`model` = 'article' AND `django_content_type`.`app_label` = 'blog'); args=('article', 'blog')
2016-10-03 22:36:46,907 [MainThread:3880] [django.db.backends:89] [utils:execute] [DEBUG]- (0.001) INSERT INTO `django_content_type` (`app_label`, `model`) VALUES ('blog', 'article'); args=['blog', 'article']
2016-10-03 22:36:46,959 [MainThread:3880] [django.db.backends:89] [utils:execute] [DEBUG]- (0.002) SELECT `django_content_type`.`id`, `django_content_type`.`app_label`, `django_content_type`.`model` FROM `django_content_type` WHERE (`django_content_type`.`model` = 'comment' AND `django_content_type`.`app_label` = 'blog'); args=('comment', 'blog')
2016-10-03 22:36:46,960 [MainThread:3880] [django.db.backends:89] [utils:execute] [DEBUG]- (0.001) SELECT `django_content_type`.`id`, `django_content_type`.`app_label`, `django_content_type`.`model` FROM `django_content_type` WHERE (`django_content_type`.`model` = 'comment' AND `django_content_type`.`app_label` = 'blog'); args=('comment', 'blog')
2016-10-03 22:36:46,961 [MainThread:3880] [django.db.backends:89] [utils:execute] [DEBUG]- (0.000) INSERT INTO `django_content_type` (`app_label`, `model`) VALUES ('blog', 'comment'); args=['blog', 'comment']
2016-10-03 22:36:47,026 [MainThread:3880] [django.db.backends:89] [utils:execute] [DEBUG]- (0.000) SELECT `django_content_type`.`id`, `django_content_type`.`app_label`, `django_content_type`.`model` FROM `django_content_type` WHERE (`django_content_type`.`model` = 'links' AND `django_content_type`.`app_label` = 'blog'); args=('links', 'blog')
2016-10-03 22:36:47,029 [MainThread:3880] [django.db.backends:89] [utils:execute] [DEBUG]- (0.001) SELECT `django_content_type`.`id`, `django_content_type`.`app_label`, `django_content_type`.`model` FROM `django_content_type` WHERE (`django_content_type`.`model` = 'links' AND `django_content_type`.`app_label` = 'blog'); args=('links', 'blog')
2016-10-03 22:36:47,030 [MainThread:3880] [django.db.backends:89] [utils:execute] [DEBUG]- (0.001) INSERT INTO `django_content_type` (`app_label`, `model`) VALUES ('blog', 'links'); args=['blog', 'links']
2016-10-03 22:36:47,079 [MainThread:3880] [django.db.backends:89] [utils:execute] [DEBUG]- (0.000) SELECT `django_content_type`.`id`, `django_content_type`.`app_label`, `django_content_type`.`model` FROM `django_content_type` WHERE (`django_content_type`.`model` = 'ad' AND `django_content_type`.`app_label` = 'blog'); args=('ad', 'blog')
2016-10-03 22:36:47,082 [MainThread:3880] [django.db.backends:89] [utils:execute] [DEBUG]- (0.001) SELECT `django_content_type`.`id`, `django_content_type`.`app_label`, `django_content_type`.`model` FROM `django_content_type` WHERE (`django_content_type`.`model` = 'ad' AND `django_content_type`.`app_label` = 'blog'); args=('ad', 'blog')
2016-10-03 22:36:47,082 [MainThread:3880] [django.db.backends:89] [utils:execute] [DEBUG]- (0.001) INSERT INTO `django_content_type` (`app_label`, `model`) VALUES ('blog', 'ad'); args=['blog', 'ad']
2016-10-03 22:36:47,140 [MainThread:3880] [django.db.backends:89] [utils:execute] [DEBUG]- (0.002) SELECT `auth_permission`.`content_type_id`, `auth_permission`.`codename` FROM `auth_permission` INNER JOIN `django_content_type` ON ( `auth_permission`.`content_type_id` = `django_content_type`.`id` ) WHERE `auth_permission`.`content_type_id` IN (6, 7, 8, 9, 10, 11, 12) ORDER BY `django_content_type`.`app_label` ASC, `django_content_type`.`model` ASC, `auth_permission`.`codename` ASC; args=(6, 7, 8, 9, 10, 11, 12)
2016-10-03 22:36:47,147 [MainThread:3880] [django.db.backends:89] [utils:execute] [DEBUG]- (0.002) INSERT INTO `auth_permission` (`name`, `content_type_id`, `codename`) VALUES ('Can add ', 6, 'add_user'), ('Can change ', 6, 'change_user'), ('Can delete ', 6, 'delete_user'), ('Can add ', 7, 'add_tag'), ('Can change ', 7, 'change_tag'), ('Can delete ', 7, 'delete_tag'), ('Can add ', 8, 'add_category'), ('Can change ', 8, 'change_category'), ('Can delete ', 8, 'delete_category'), ('Can add ', 9, 'add_article'), ('Can change ', 9, 'change_article'), ('Can delete ', 9, 'delete_article'), ('Can add ', 10, 'add_comment'), ('Can change ', 10, 'change_comment'), ('Can delete ', 10, 'delete_comment'), ('Can add ', 11, 'add_links'), ('Can change ', 11, 'change_links'), ('Can delete ', 11, 'delete_links'), ('Can add ', 12, 'add_ad'), ('Can change ', 12, 'change_ad'), ('Can delete ', 12, 'delete_ad'); args=(u'Can add \u7528\u6237', 6, u'add_user', u'Can change \u7528\u6237', 6, u'change_user', u'Can delete \u7528\u6237', 6, u'delete_user', u'Can add \u6807\u7b7e', 7, u'add_tag', u'Can change \u6807\u7b7e', 7, u'change_tag', u'Can delete \u6807\u7b7e', 7, u'delete_tag', u'Can add \u5206\u7c7b', 8, u'add_category', u'Can change \u5206\u7c7b', 8, u'change_category', u'Can delete \u5206\u7c7b', 8, u'delete_category', u'Can add \u6587\u7ae0', 9, u'add_article', u'Can change \u6587\u7ae0', 9, u'change_article', u'Can delete \u6587\u7ae0', 9, u'delete_article', u'Can add \u8bc4\u8bba', 10, u'add_comment', u'Can change \u8bc4\u8bba', 10, u'change_comment', u'Can delete \u8bc4\u8bba', 10, u'delete_comment', u'Can add \u53cb\u60c5\u94fe\u63a5', 11, u'add_links', u'Can change \u53cb\u60c5\u94fe\u63a5', 11, u'change_links', u'Can delete \u53cb\u60c5\u94fe\u63a5', 11, u'delete_links', u'Can add \u5e7f\u544a', 12, u'add_ad', u'Can change \u5e7f\u544a', 12, u'change_ad', u'Can delete \u5e7f\u544a', 12, u'delete_ad')
2016-10-03 22:36:47,224 [MainThread:3880] [django.db.backends:89] [utils:execute] [DEBUG]- (0.001) SELECT `django_content_type`.`id`, `django_content_type`.`app_label`, `django_content_type`.`model` FROM `django_content_type` WHERE `django_content_type`.`app_label` = 'blog'; args=('blog',)
2016-10-03 22:36:47,244 [MainThread:3880] [django.db.backends:89] [utils:execute] [DEBUG]- (0.019) SELECT (1) AS `a` FROM `blog_user` LIMIT 1; args=()
2016-10-03 22:37:02,388 [MainThread:3880] [django.db.backends:89] [utils:execute] [DEBUG]- (0.102) SELECT `blog_user`.`id`, `blog_user`.`password`, `blog_user`.`last_login`, `blog_user`.`is_superuser`, `blog_user`.`username`, `blog_user`.`first_name`, `blog_user`.`last_name`, `blog_user`.`email`, `blog_user`.`is_staff`, `blog_user`.`is_active`, `blog_user`.`date_joined`, `blog_user`.`avatar`, `blog_user`.`qq`, `blog_user`.`mobile` FROM `blog_user` WHERE `blog_user`.`username` = 'admin'; args=('admin',)
2016-10-03 22:37:21,778 [MainThread:3880] [django.db.backends:89] [utils:execute] [DEBUG]- (0.009) INSERT INTO `blog_user` (`password`, `last_login`, `is_superuser`, `username`, `first_name`, `last_name`, `email`, `is_staff`, `is_active`, `date_joined`, `avatar`, `qq`, `mobile`) VALUES ('pbkdf2_sha256$20000$GPznx8kmrrsx$rUEkCZY3QN92nLBLI2GkUDSrjwR8+EvrUOS5BFk7K5o=', NULL, 1, 'admin', '', '', 'admin@admin.com', 1, 1, '2016-10-03 14:37:21.672000', 'avatar/default.png', NULL, NULL); args=[u'pbkdf2_sha256$20000$GPznx8kmrrsx$rUEkCZY3QN92nLBLI2GkUDSrjwR8+EvrUOS5BFk7K5o=', None, True, 'admin', u'', u'', u'admin@admin.com', True, True, u'2016-10-03 14:37:21.672000', u'avatar/default.png', None, None]
